<?xml version="1.0" encoding="UTF-8" ?><testsuite errors="0" name="jasmine.specs" tests="1" failures="0" skipped="0" hostname="localhost" time="0.0" timestamp="2019-06-20T12:31:49"><testcase classname="jasmine" name="Test: CalculatorBS Method: sum Test sum two integer numbers" time="0.0" failure="false"/></testsuite>